<?xml version="1.0" encoding="UTF-8"?>
<!-- Generated by org.testng.reporters.JUnitReportReporter -->
<testsuite hostname="RAJA" failures="0" tests="3" name="advanceSelenium1.ToLearnDataProvider" time="21.605" errors="0" timestamp="2024-04-02T16:53:34 IST" skipped="0">
  <testcase classname="advanceSelenium1.ToLearnDataProvider" name="login" time="6.391"/>
  <system-out/>
  <testcase classname="advanceSelenium1.ToLearnDataProvider" name="login" time="8.302"/>
  <system-out/>
  <testcase classname="advanceSelenium1.ToLearnDataProvider" name="login" time="6.912"/>
  <system-out/>
</testsuite> <!-- advanceSelenium1.ToLearnDataProvider -->
