<?xml version="1.0" encoding="UTF-8"?>
<!-- Generated by org.testng.reporters.JUnitReportReporter -->
<testsuite hostname="RAJA" failures="0" tests="1" name="advanceSelenium.ToLearnConfigurationAnnotation" time="0.017" errors="0" timestamp="2024-03-28T17:56:21 IST" skipped="0">
  <testcase classname="advanceSelenium.ToLearnConfigurationAnnotation" name="testCase" time="0.017"/>
  <system-out>
    <![CDATA[TC Got Executed]]>
  </system-out>
</testsuite> <!-- advanceSelenium.ToLearnConfigurationAnnotation -->
