<?xml version="1.0" encoding="UTF-8"?>
<!-- Generated by org.testng.reporters.JUnitReportReporter -->
<testsuite hostname="RAJA" failures="0" tests="1" name="bikes.ToLunchKawasaki" time="6.181" errors="0" timestamp="2024-03-28T16:56:58 IST" skipped="0">
  <testcase classname="bikes.ToLunchKawasaki" name="Kawasaki" time="6.181"/>
  <system-out>
    <![CDATA[KAWASAKI GOT LUNCHED]]>
  </system-out>
</testsuite> <!-- bikes.ToLunchKawasaki -->
