<?xml version="1.0" encoding="UTF-8"?>
<!-- Generated by org.testng.reporters.JUnitReportReporter -->
<testsuite hostname="RAJA" failures="0" tests="1" name="bikes.ToLunchBmw" time="9.768" errors="0" timestamp="2024-03-28T16:57:52 IST" skipped="0">
  <testcase classname="bikes.ToLunchBmw" name="Bmw" time="9.768"/>
  <system-out>
    <![CDATA[BMW GOT LUNCHED]]>
  </system-out>
</testsuite> <!-- bikes.ToLunchBmw -->
