<?xml version="1.0" encoding="UTF-8"?>
<!-- Generated by org.testng.reporters.JUnitReportReporter -->
<testsuite hostname="RAJA" failures="0" tests="1" name="advanceSelenium1.TC_DWS_001" time="10.061" errors="0" timestamp="2024-04-03T16:31:20 IST" skipped="0">
  <testcase classname="advanceSelenium1.TC_DWS_001" name="ToClickOnBook" time="10.061"/>
  <system-out/>
</testsuite> <!-- advanceSelenium1.TC_DWS_001 -->
