<?xml version="1.0" encoding="UTF-8"?>
<!-- Generated by org.testng.reporters.JUnitReportReporter -->
<testsuite hostname="RAJA" failures="0" tests="1" name="bikes.ToLunchKtm" time="9.706" errors="0" timestamp="2024-03-28T16:58:13 IST" skipped="0">
  <testcase classname="bikes.ToLunchKtm" name="ktm" time="9.706"/>
  <system-out>
    <![CDATA[KTM GOT LUNCHED]]>
  </system-out>
</testsuite> <!-- bikes.ToLunchKtm -->
