<?xml version="1.0" encoding="UTF-8"?>
<!-- Generated by org.testng.reporters.JUnitReportReporter -->
<testsuite hostname="RAJA" failures="0" tests="1" name="bikes.ToLunchYamaha" time="6.074" errors="0" timestamp="2024-03-28T16:57:52 IST" skipped="0">
  <testcase classname="bikes.ToLunchYamaha" name="Yamaha" time="6.074"/>
  <system-out>
    <![CDATA[Yamaha GOT LUNCHED]]>
  </system-out>
</testsuite> <!-- bikes.ToLunchYamaha -->
