<?xml version="1.0" encoding="UTF-8"?>
<!-- Generated by org.testng.reporters.JUnitReportReporter -->
<testsuite hostname="RAJA" failures="0" tests="1" name="advanceSelenium1.TC_DWS_002" time="8.973" errors="0" timestamp="2024-03-30T17:41:22 IST" skipped="0">
  <testcase classname="advanceSelenium1.TC_DWS_002" name="ToClickOnComputers" time="8.973"/>
  <system-out>
    <![CDATA[Failed To Navigated To Computer Page]]>
  </system-out>
</testsuite> <!-- advanceSelenium1.TC_DWS_002 -->
