<?xml version="1.0" encoding="UTF-8"?>
<!-- Generated by org.testng.reporters.JUnitReportReporter -->
<testsuite hostname="RAJA" failures="0" tests="1" name="advanceSelenium1.ToLearnConfigurationAnnotation" time="0.008" errors="0" timestamp="2024-03-30T17:06:11 IST" skipped="0">
  <testcase classname="advanceSelenium1.ToLearnConfigurationAnnotation" name="testCase" time="0.008"/>
  <system-out>
    <![CDATA[TC Got Executed]]>
  </system-out>
</testsuite> <!-- advanceSelenium1.ToLearnConfigurationAnnotation -->
